Flow report for main
Mon Oct 28 22:11:49 2013
Quartus II Version 10.0 Build 218 06/27/2010 SJ Web Edition


---------------------
; Table of Contents ;
---------------------
  1. Legal Notice
  2. Flow Summary
  3. Flow Settings
  4. Flow Non-Default Global Settings
  5. Flow Elapsed Time
  6. Flow OS Summary
  7. Flow Log



----------------
; Legal Notice ;
----------------
Copyright (C) 1991-2010 Altera Corporation
Your use of Altera Corporation's design tools, logic functions 
and other software and tools, and its AMPP partner logic 
functions, and any output files from any of the foregoing 
(including device programming or simulation files), and any 
associated documentation or information are expressly subject 
to the terms and conditions of the Altera Program License 
Subscription Agreement, Altera MegaCore Function License 
Agreement, or other applicable license agreement, including, 
without limitation, that your use is for the sole purpose of 
programming logic devices manufactured by Altera and sold by 
Altera or its authorized distributors.  Please refer to the 
applicable agreement for further details.



+-------------------------------------------------------------------------------+
; Flow Summary                                                                  ;
+------------------------------------+------------------------------------------+
; Flow Status                        ; Successful - Mon Oct 28 22:11:49 2013    ;
; Quartus II Version                 ; 10.0 Build 218 06/27/2010 SJ Web Edition ;
; Revision Name                      ; main                                     ;
; Top-level Entity Name              ; main                                     ;
; Family                             ; Cyclone II                               ;
; Device                             ; EP2C35F672C6                             ;
; Timing Models                      ; Final                                    ;
; Met timing requirements            ; Yes                                      ;
; Total logic elements               ; 298 / 33,216 ( < 1 % )                   ;
;     Total combinational functions  ; 279 / 33,216 ( < 1 % )                   ;
;     Dedicated logic registers      ; 169 / 33,216 ( < 1 % )                   ;
; Total registers                    ; 169                                      ;
; Total pins                         ; 13 / 475 ( 3 % )                         ;
; Total virtual pins                 ; 0                                        ;
; Total memory bits                  ; 0 / 483,840 ( 0 % )                      ;
; Embedded Multiplier 9-bit elements ; 0 / 70 ( 0 % )                           ;
; Total PLLs                         ; 1 / 4 ( 25 % )                           ;
+------------------------------------+------------------------------------------+


+-----------------------------------------+
; Flow Settings                           ;
+-------------------+---------------------+
; Option            ; Setting             ;
+-------------------+---------------------+
; Start date & time ; 10/28/2013 22:07:55 ;
; Main task         ; Compilation         ;
; Revision Name     ; main                ;
+-------------------+---------------------+


+----------------------------------------------------------------------------------------------------------------------------------+
; Flow Non-Default Global Settings                                                                                                 ;
+-------------------------------------+---------------------------------------------+---------------+-------------+----------------+
; Assignment Name                     ; Value                                       ; Default Value ; Entity Name ; Section Id     ;
+-------------------------------------+---------------------------------------------+---------------+-------------+----------------+
; COMPILER_SIGNATURE_ID               ; 264705677373432.138298547306688             ; --            ; --          ; --             ;
; FITTER_EFFORT                       ; Standard Fit                                ; Auto Fit      ; --          ; --             ;
; IP_TOOL_NAME                        ; ALTPLL                                      ; --            ; --          ; --             ;
; IP_TOOL_VERSION                     ; 10.0                                        ; --            ; --          ; --             ;
; MAX_CORE_JUNCTION_TEMP              ; 85                                          ; --            ; --          ; --             ;
; MIN_CORE_JUNCTION_TEMP              ; 0                                           ; --            ; --          ; --             ;
; MISC_FILE                           ; D:/altera/project/fpga_competition/main.dpf ; --            ; --          ; --             ;
; MISC_FILE                           ; pll.cmp                                     ; --            ; --          ; --             ;
; MISC_FILE                           ; pll.ppf                                     ; --            ; --          ; --             ;
; OPTIMIZE_MULTI_CORNER_TIMING        ; On                                          ; Off           ; --          ; --             ;
; PARTITION_COLOR                     ; 16764057                                    ; --            ; --          ; Top            ;
; PARTITION_FITTER_PRESERVATION_LEVEL ; PLACEMENT_AND_ROUTING                       ; --            ; --          ; Top            ;
; PARTITION_NETLIST_TYPE              ; SOURCE                                      ; --            ; --          ; Top            ;
; POWER_BOARD_THERMAL_MODEL           ; None (CONSERVATIVE)                         ; --            ; --          ; --             ;
; POWER_PRESET_COOLING_SOLUTION       ; 23 MM HEAT SINK WITH 200 LFPM AIRFLOW       ; --            ; --          ; --             ;
; ROUTER_CLOCKING_TOPOLOGY_ANALYSIS   ; On                                          ; Off           ; --          ; --             ;
; STATE_MACHINE_PROCESSING            ; User-Encoded                                ; Auto          ; --          ; --             ;
; USE_GENERATED_PHYSICAL_CONSTRAINTS  ; Off                                         ; --            ; --          ; eda_blast_fpga ;
; VERILOG_INPUT_VERSION               ; SystemVerilog_2005                          ; Verilog_2001  ; --          ; --             ;
; VERILOG_SHOW_LMF_MAPPING_MESSAGES   ; Off                                         ; --            ; --          ; --             ;
+-------------------------------------+---------------------------------------------+---------------+-------------+----------------+


+-----------------------------------------------------------------------------------------------------------------------------+
; Flow Elapsed Time                                                                                                           ;
+-------------------------+--------------+-------------------------+---------------------+------------------------------------+
; Module Name             ; Elapsed Time ; Average Processors Used ; Peak Virtual Memory ; Total CPU Time (on all processors) ;
+-------------------------+--------------+-------------------------+---------------------+------------------------------------+
; Analysis & Synthesis    ; 00:02:19     ; 1.0                     ; 459 MB              ; 00:00:45                           ;
; Fitter                  ; 00:00:53     ; 1.0                     ; 345 MB              ; 00:00:14                           ;
; Assembler               ; 00:00:23     ; 1.0                     ; 290 MB              ; 00:00:03                           ;
; Classic Timing Analyzer ; 00:00:01     ; 1.0                     ; 198 MB              ; 00:00:00                           ;
; Total                   ; 00:03:36     ; --                      ; --                  ; 00:01:02                           ;
+-------------------------+--------------+-------------------------+---------------------+------------------------------------+


+------------------------------------------------------------------------------------------+
; Flow OS Summary                                                                          ;
+-------------------------+------------------+---------------+------------+----------------+
; Module Name             ; Machine Hostname ; OS Name       ; OS Version ; Processor type ;
+-------------------------+------------------+---------------+------------+----------------+
; Analysis & Synthesis    ; fayazi-VAIO      ; Windows Vista ; 6.1        ; x86_64         ;
; Fitter                  ; fayazi-VAIO      ; Windows Vista ; 6.1        ; x86_64         ;
; Assembler               ; fayazi-VAIO      ; Windows Vista ; 6.1        ; x86_64         ;
; Classic Timing Analyzer ; fayazi-VAIO      ; Windows Vista ; 6.1        ; x86_64         ;
+-------------------------+------------------+---------------+------------+----------------+


------------
; Flow Log ;
------------
quartus_map --read_settings_files=on --write_settings_files=off main -c main
quartus_fit --read_settings_files=off --write_settings_files=off main -c main
quartus_asm --read_settings_files=off --write_settings_files=off main -c main
quartus_tan --read_settings_files=off --write_settings_files=off main -c main --timing_analysis_only



